<?xml version="1.0" encoding="UTF-8"?>
<!-- Generated by org.testng.reporters.JUnitReportReporter -->
<testsuite hostname="DESKTOP-9A3FDH1" failures="0" tests="1" name="AndroidApp" time="19.331" errors="0" timestamp="2023-12-01T00:49:50 IST" skipped="0">
  <testcase classname="AndroidApp" name="AndroidApp1" time="19.331"/>
  <system-out/>
</testsuite> <!-- AndroidApp -->
